INFO 2018-04-06 17:33:22,960 - Loading API keys
INFO 2018-04-06 17:33:22,962 - Keys loaded
INFO 2018-04-06 17:33:23,216 - Sending keys to twitter
INFO 2018-04-06 17:33:23,218 - Keys accepted by twitter
INFO 2018-04-06 17:33:29,743 - Analyzing sentiment for BBC
INFO 2018-04-06 17:33:29,757 - BBC analysis is: {'neg': 0.0, 'neu': 1.0, 'pos': 0.0, 'compound': 0.0, 'dtime': 'Fri Apr 06 19:48:37 +0000 2018'}
INFO 2018-04-06 17:33:29,757 - Analyzing tweet 0 of 200 from BBC
INFO 2018-04-06 17:33:29,937 - BBC analysis is: {'neg': 0.0, 'neu': 1.0, 'pos': 0.0, 'compound': 0.0, 'dtime': 'Fri Apr 06 08:30:51 +0000 2018'}
INFO 2018-04-06 17:33:29,937 - Analyzing tweet 20 of 200 from BBC
INFO 2018-04-06 17:33:30,103 - BBC analysis is: {'neg': 0.0, 'neu': 1.0, 'pos': 0.0, 'compound': 0.0, 'dtime': 'Thu Apr 05 09:44:41 +0000 2018'}
INFO 2018-04-06 17:33:30,103 - Analyzing tweet 40 of 200 from BBC
INFO 2018-04-06 17:33:30,273 - BBC analysis is: {'neg': 0.0, 'neu': 0.929, 'pos': 0.071, 'compound': 0.25, 'dtime': 'Wed Apr 04 10:09:33 +0000 2018'}
INFO 2018-04-06 17:33:30,273 - Analyzing tweet 60 of 200 from BBC
INFO 2018-04-06 17:33:30,437 - BBC analysis is: {'neg': 0.0, 'neu': 1.0, 'pos': 0.0, 'compound': 0.0, 'dtime': 'Tue Apr 03 12:05:58 +0000 2018'}
INFO 2018-04-06 17:33:30,437 - Analyzing tweet 80 of 200 from BBC
INFO 2018-04-06 17:33:30,602 - BBC analysis is: {'neg': 0.0, 'neu': 1.0, 'pos': 0.0, 'compound': 0.0, 'dtime': 'Mon Apr 02 11:58:06 +0000 2018'}
INFO 2018-04-06 17:33:30,602 - Analyzing tweet 100 of 200 from BBC
INFO 2018-04-06 17:33:30,777 - BBC analysis is: {'neg': 0.0, 'neu': 0.758, 'pos': 0.242, 'compound': 0.7717, 'dtime': 'Sun Apr 01 12:19:34 +0000 2018'}
INFO 2018-04-06 17:33:30,777 - Analyzing tweet 120 of 200 from BBC
INFO 2018-04-06 17:33:30,956 - BBC analysis is: {'neg': 0.0, 'neu': 0.663, 'pos': 0.337, 'compound': 0.765, 'dtime': 'Sat Mar 31 15:42:42 +0000 2018'}
INFO 2018-04-06 17:33:30,956 - Analyzing tweet 140 of 200 from BBC
INFO 2018-04-06 17:33:31,121 - BBC analysis is: {'neg': 0.111, 'neu': 0.819, 'pos': 0.07, 'compound': -0.2144, 'dtime': 'Fri Mar 30 16:02:04 +0000 2018'}
INFO 2018-04-06 17:33:31,121 - Analyzing tweet 160 of 200 from BBC
INFO 2018-04-06 17:33:31,286 - BBC analysis is: {'neg': 0.534, 'neu': 0.466, 'pos': 0.0, 'compound': -0.3164, 'dtime': 'Thu Mar 29 16:03:03 +0000 2018'}
INFO 2018-04-06 17:33:31,286 - Analyzing tweet 180 of 200 from BBC
INFO 2018-04-06 17:33:31,444 - Analyzing sentiment for CBS
INFO 2018-04-06 17:33:31,453 - CBS analysis is: {'neg': 0.0, 'neu': 1.0, 'pos': 0.0, 'compound': 0.0, 'dtime': 'Fri Apr 06 21:10:18 +0000 2018'}
INFO 2018-04-06 17:33:31,453 - Analyzing tweet 0 of 200 from CBS
INFO 2018-04-06 17:33:31,635 - CBS analysis is: {'neg': 0.0, 'neu': 0.891, 'pos': 0.109, 'compound': 0.6688, 'dtime': 'Fri Mar 30 16:50:00 +0000 2018'}
INFO 2018-04-06 17:33:31,635 - Analyzing tweet 20 of 200 from CBS
INFO 2018-04-06 17:33:31,813 - CBS analysis is: {'neg': 0.0, 'neu': 0.686, 'pos': 0.314, 'compound': 0.4939, 'dtime': 'Fri Mar 23 22:33:04 +0000 2018'}
INFO 2018-04-06 17:33:31,813 - Analyzing tweet 40 of 200 from CBS
INFO 2018-04-06 17:33:31,999 - CBS analysis is: {'neg': 0.0, 'neu': 0.763, 'pos': 0.237, 'compound': 0.7088, 'dtime': 'Thu Mar 15 17:54:06 +0000 2018'}
INFO 2018-04-06 17:33:31,999 - Analyzing tweet 60 of 200 from CBS
INFO 2018-04-06 17:33:32,182 - CBS analysis is: {'neg': 0.0, 'neu': 0.884, 'pos': 0.116, 'compound': 0.4404, 'dtime': 'Sun Mar 04 08:05:26 +0000 2018'}
INFO 2018-04-06 17:33:32,182 - Analyzing tweet 80 of 200 from CBS
INFO 2018-04-06 17:33:32,369 - CBS analysis is: {'neg': 0.0, 'neu': 0.734, 'pos': 0.266, 'compound': 0.784, 'dtime': 'Mon Feb 26 18:32:36 +0000 2018'}
INFO 2018-04-06 17:33:32,369 - Analyzing tweet 100 of 200 from CBS
INFO 2018-04-06 17:33:32,551 - CBS analysis is: {'neg': 0.0, 'neu': 0.748, 'pos': 0.252, 'compound': 0.7506, 'dtime': 'Tue Feb 13 18:54:52 +0000 2018'}
INFO 2018-04-06 17:33:32,551 - Analyzing tweet 120 of 200 from CBS
INFO 2018-04-06 17:33:32,722 - CBS analysis is: {'neg': 0.115, 'neu': 0.75, 'pos': 0.135, 'compound': 0.1007, 'dtime': 'Wed Jan 31 17:05:47 +0000 2018'}
INFO 2018-04-06 17:33:32,722 - Analyzing tweet 140 of 200 from CBS
INFO 2018-04-06 17:33:32,894 - CBS analysis is: {'neg': 0.0, 'neu': 0.774, 'pos': 0.226, 'compound': 0.923, 'dtime': 'Tue Jan 30 21:19:22 +0000 2018'}
INFO 2018-04-06 17:33:32,894 - Analyzing tweet 160 of 200 from CBS
INFO 2018-04-06 17:33:33,074 - CBS analysis is: {'neg': 0.0, 'neu': 0.73, 'pos': 0.27, 'compound': 0.5719, 'dtime': 'Mon Jan 29 07:40:26 +0000 2018'}
INFO 2018-04-06 17:33:33,074 - Analyzing tweet 180 of 200 from CBS
INFO 2018-04-06 17:33:33,230 - Analyzing sentiment for NYTimes
INFO 2018-04-06 17:33:33,238 - NYTimes analysis is: {'neg': 0.162, 'neu': 0.648, 'pos': 0.19, 'compound': 0.1531, 'dtime': 'Sat Apr 07 00:32:05 +0000 2018'}
INFO 2018-04-06 17:33:33,239 - Analyzing tweet 0 of 200 from NYTimes
INFO 2018-04-06 17:33:33,409 - NYTimes analysis is: {'neg': 0.0, 'neu': 1.0, 'pos': 0.0, 'compound': 0.0, 'dtime': 'Fri Apr 06 20:15:05 +0000 2018'}
INFO 2018-04-06 17:33:33,409 - Analyzing tweet 20 of 200 from NYTimes
INFO 2018-04-06 17:33:33,590 - NYTimes analysis is: {'neg': 0.0, 'neu': 1.0, 'pos': 0.0, 'compound': 0.0, 'dtime': 'Fri Apr 06 16:25:06 +0000 2018'}
INFO 2018-04-06 17:33:33,590 - Analyzing tweet 40 of 200 from NYTimes
INFO 2018-04-06 17:33:33,761 - NYTimes analysis is: {'neg': 0.195, 'neu': 0.805, 'pos': 0.0, 'compound': -0.743, 'dtime': 'Fri Apr 06 12:20:04 +0000 2018'}
INFO 2018-04-06 17:33:33,761 - Analyzing tweet 60 of 200 from NYTimes
INFO 2018-04-06 17:33:33,928 - NYTimes analysis is: {'neg': 0.248, 'neu': 0.752, 'pos': 0.0, 'compound': -0.6808, 'dtime': 'Fri Apr 06 08:02:05 +0000 2018'}
INFO 2018-04-06 17:33:33,929 - Analyzing tweet 80 of 200 from NYTimes
INFO 2018-04-06 17:33:34,095 - NYTimes analysis is: {'neg': 0.058, 'neu': 0.891, 'pos': 0.05, 'compound': -0.0772, 'dtime': 'Fri Apr 06 03:32:02 +0000 2018'}
INFO 2018-04-06 17:33:34,095 - Analyzing tweet 100 of 200 from NYTimes
INFO 2018-04-06 17:33:34,265 - NYTimes analysis is: {'neg': 0.0, 'neu': 0.913, 'pos': 0.087, 'compound': 0.296, 'dtime': 'Thu Apr 05 22:38:19 +0000 2018'}
INFO 2018-04-06 17:33:34,265 - Analyzing tweet 120 of 200 from NYTimes
INFO 2018-04-06 17:33:34,448 - NYTimes analysis is: {'neg': 0.0, 'neu': 0.905, 'pos': 0.095, 'compound': 0.2263, 'dtime': 'Thu Apr 05 19:37:54 +0000 2018'}
INFO 2018-04-06 17:33:34,448 - Analyzing tweet 140 of 200 from NYTimes
INFO 2018-04-06 17:33:34,615 - NYTimes analysis is: {'neg': 0.107, 'neu': 0.719, 'pos': 0.174, 'compound': 0.4404, 'dtime': 'Thu Apr 05 16:04:00 +0000 2018'}
INFO 2018-04-06 17:33:34,615 - Analyzing tweet 160 of 200 from NYTimes
INFO 2018-04-06 17:33:34,781 - NYTimes analysis is: {'neg': 0.0, 'neu': 0.869, 'pos': 0.131, 'compound': 0.5915, 'dtime': 'Thu Apr 05 12:00:09 +0000 2018'}
INFO 2018-04-06 17:33:34,781 - Analyzing tweet 180 of 200 from NYTimes
INFO 2018-04-06 17:33:34,946 - Analyzing sentiment for Fox
INFO 2018-04-06 17:33:34,955 - Fox analysis is: {'neg': 0.0, 'neu': 1.0, 'pos': 0.0, 'compound': 0.0, 'dtime': 'Sat Apr 07 00:32:58 +0000 2018'}
INFO 2018-04-06 17:33:34,955 - Analyzing tweet 0 of 200 from Fox
INFO 2018-04-06 17:33:35,122 - Fox analysis is: {'neg': 0.245, 'neu': 0.755, 'pos': 0.0, 'compound': -0.5994, 'dtime': 'Fri Apr 06 22:05:04 +0000 2018'}
INFO 2018-04-06 17:33:35,122 - Analyzing tweet 20 of 200 from Fox
INFO 2018-04-06 17:33:35,286 - Fox analysis is: {'neg': 0.0, 'neu': 0.822, 'pos': 0.178, 'compound': 0.3818, 'dtime': 'Fri Apr 06 19:34:50 +0000 2018'}
INFO 2018-04-06 17:33:35,286 - Analyzing tweet 40 of 200 from Fox
INFO 2018-04-06 17:33:35,462 - Fox analysis is: {'neg': 0.0, 'neu': 1.0, 'pos': 0.0, 'compound': 0.0, 'dtime': 'Fri Apr 06 18:06:09 +0000 2018'}
INFO 2018-04-06 17:33:35,462 - Analyzing tweet 60 of 200 from Fox
INFO 2018-04-06 17:33:35,640 - Fox analysis is: {'neg': 0.0, 'neu': 0.933, 'pos': 0.067, 'compound': 0.3182, 'dtime': 'Fri Apr 06 16:05:36 +0000 2018'}
INFO 2018-04-06 17:33:35,640 - Analyzing tweet 80 of 200 from Fox
INFO 2018-04-06 17:33:35,810 - Fox analysis is: {'neg': 0.289, 'neu': 0.711, 'pos': 0.0, 'compound': -0.8074, 'dtime': 'Fri Apr 06 14:24:05 +0000 2018'}
INFO 2018-04-06 17:33:35,810 - Analyzing tweet 100 of 200 from Fox
INFO 2018-04-06 17:33:35,986 - Fox analysis is: {'neg': 0.0, 'neu': 1.0, 'pos': 0.0, 'compound': 0.0, 'dtime': 'Fri Apr 06 12:45:10 +0000 2018'}
INFO 2018-04-06 17:33:35,986 - Analyzing tweet 120 of 200 from Fox
INFO 2018-04-06 17:33:36,152 - Fox analysis is: {'neg': 0.435, 'neu': 0.476, 'pos': 0.088, 'compound': -0.8807, 'dtime': 'Fri Apr 06 11:28:00 +0000 2018'}
INFO 2018-04-06 17:33:36,152 - Analyzing tweet 140 of 200 from Fox
INFO 2018-04-06 17:33:36,317 - Fox analysis is: {'neg': 0.253, 'neu': 0.747, 'pos': 0.0, 'compound': -0.6239, 'dtime': 'Fri Apr 06 07:45:00 +0000 2018'}
INFO 2018-04-06 17:33:36,317 - Analyzing tweet 160 of 200 from Fox
INFO 2018-04-06 17:33:36,483 - Fox analysis is: {'neg': 0.184, 'neu': 0.726, 'pos': 0.089, 'compound': -0.4019, 'dtime': 'Fri Apr 06 02:51:47 +0000 2018'}
INFO 2018-04-06 17:33:36,483 - Analyzing tweet 180 of 200 from Fox
INFO 2018-04-06 17:33:36,645 - Analyzing sentiment for CNN
INFO 2018-04-06 17:33:36,654 - CNN analysis is: {'neg': 0.064, 'neu': 0.811, 'pos': 0.125, 'compound': 0.4215, 'dtime': 'Sat Apr 07 00:33:04 +0000 2018'}
INFO 2018-04-06 17:33:36,654 - Analyzing tweet 0 of 200 from CNN
INFO 2018-04-06 17:33:36,825 - CNN analysis is: {'neg': 0.0, 'neu': 1.0, 'pos': 0.0, 'compound': 0.0, 'dtime': 'Fri Apr 06 22:59:43 +0000 2018'}
INFO 2018-04-06 17:33:36,825 - Analyzing tweet 20 of 200 from CNN
INFO 2018-04-06 17:33:36,997 - CNN analysis is: {'neg': 0.0, 'neu': 1.0, 'pos': 0.0, 'compound': 0.0, 'dtime': 'Fri Apr 06 20:53:04 +0000 2018'}
INFO 2018-04-06 17:33:36,997 - Analyzing tweet 40 of 200 from CNN
INFO 2018-04-06 17:33:37,166 - CNN analysis is: {'neg': 0.0, 'neu': 1.0, 'pos': 0.0, 'compound': 0.0, 'dtime': 'Fri Apr 06 18:56:26 +0000 2018'}
INFO 2018-04-06 17:33:37,166 - Analyzing tweet 60 of 200 from CNN
INFO 2018-04-06 17:33:37,329 - CNN analysis is: {'neg': 0.053, 'neu': 0.947, 'pos': 0.0, 'compound': -0.0772, 'dtime': 'Fri Apr 06 16:20:08 +0000 2018'}
INFO 2018-04-06 17:33:37,329 - Analyzing tweet 80 of 200 from CNN
INFO 2018-04-06 17:33:37,500 - CNN analysis is: {'neg': 0.198, 'neu': 0.729, 'pos': 0.073, 'compound': -0.5859, 'dtime': 'Fri Apr 06 13:10:06 +0000 2018'}
INFO 2018-04-06 17:33:37,500 - Analyzing tweet 100 of 200 from CNN
INFO 2018-04-06 17:33:37,666 - CNN analysis is: {'neg': 0.0, 'neu': 0.895, 'pos': 0.105, 'compound': 0.4019, 'dtime': 'Fri Apr 06 09:37:07 +0000 2018'}
INFO 2018-04-06 17:33:37,666 - Analyzing tweet 120 of 200 from CNN
INFO 2018-04-06 17:33:37,837 - CNN analysis is: {'neg': 0.0, 'neu': 1.0, 'pos': 0.0, 'compound': 0.0, 'dtime': 'Fri Apr 06 05:46:03 +0000 2018'}
INFO 2018-04-06 17:33:37,837 - Analyzing tweet 140 of 200 from CNN
INFO 2018-04-06 17:33:38,002 - CNN analysis is: {'neg': 0.0, 'neu': 0.954, 'pos': 0.046, 'compound': 0.2023, 'dtime': 'Fri Apr 06 02:11:08 +0000 2018'}
INFO 2018-04-06 17:33:38,002 - Analyzing tweet 160 of 200 from CNN
INFO 2018-04-06 17:33:38,180 - CNN analysis is: {'neg': 0.141, 'neu': 0.645, 'pos': 0.214, 'compound': 0.2023, 'dtime': 'Fri Apr 06 00:29:22 +0000 2018'}
INFO 2018-04-06 17:33:38,181 - Analyzing tweet 180 of 200 from CNN
